<?xml version="1.0" encoding="UTF-8"?>
<testsuite name="randoop.bin.RegressionTest" tests="20" skipped="0" failures="0" errors="0" timestamp="2022-05-13T01:11:33" hostname="DESKTOP-93JIGKR" time="0.034">
  <properties/>
  <testcase name="test10()" classname="randoop.bin.RegressionTest" time="0.019"/>
  <testcase name="test11()" classname="randoop.bin.RegressionTest" time="0.001"/>
  <testcase name="test12()" classname="randoop.bin.RegressionTest" time="0.001"/>
  <testcase name="test13()" classname="randoop.bin.RegressionTest" time="0.001"/>
  <testcase name="test14()" classname="randoop.bin.RegressionTest" time="0.001"/>
  <testcase name="test15()" classname="randoop.bin.RegressionTest" time="0.001"/>
  <testcase name="test16()" classname="randoop.bin.RegressionTest" time="0.0"/>
  <testcase name="test17()" classname="randoop.bin.RegressionTest" time="0.0"/>
  <testcase name="test18()" classname="randoop.bin.RegressionTest" time="0.0"/>
  <testcase name="test19()" classname="randoop.bin.RegressionTest" time="0.0"/>
  <testcase name="test20()" classname="randoop.bin.RegressionTest" time="0.001"/>
  <testcase name="test1()" classname="randoop.bin.RegressionTest" time="0.0"/>
  <testcase name="test2()" classname="randoop.bin.RegressionTest" time="0.0"/>
  <testcase name="test3()" classname="randoop.bin.RegressionTest" time="0.001"/>
  <testcase name="test4()" classname="randoop.bin.RegressionTest" time="0.001"/>
  <testcase name="test5()" classname="randoop.bin.RegressionTest" time="0.001"/>
  <testcase name="test6()" classname="randoop.bin.RegressionTest" time="0.0"/>
  <testcase name="test7()" classname="randoop.bin.RegressionTest" time="0.0"/>
  <testcase name="test8()" classname="randoop.bin.RegressionTest" time="0.0"/>
  <testcase name="test9()" classname="randoop.bin.RegressionTest" time="0.0"/>
  <system-out><![CDATA[]]></system-out>
  <system-err><![CDATA[]]></system-err>
</testsuite>
